<?xml version="1.0" encoding="UTF-8"?>
<testsuite name="com.jojoldu.book.springboot.web.PostApiControllerTest" tests="2" skipped="0" failures="0" errors="0" timestamp="2020-04-16T12:06:31" hostname="songhamin-ui-MacBookAir.local" time="0.699">
  <properties/>
  <testcase name="Posts_등록된다" classname="com.jojoldu.book.springboot.web.PostApiControllerTest" time="0.638"/>
  <testcase name="Posts_수정된다" classname="com.jojoldu.book.springboot.web.PostApiControllerTest" time="0.059"/>
  <system-out><![CDATA[2020-04-16 21:06:23.058  INFO 30542 --- [    Test worker] .b.t.c.SpringBootTestContextBootstrapper : Neither @ContextConfiguration nor @ContextHierarchy found for test class [com.jojoldu.book.springboot.web.PostApiControllerTest], using SpringBootContextLoader
2020-04-16 21:06:23.059  INFO 30542 --- [    Test worker] o.s.t.c.support.AbstractContextLoader    : Could not detect default resource locations for test class [com.jojoldu.book.springboot.web.PostApiControllerTest]: no resource found for suffixes {-context.xml, Context.groovy}.
2020-04-16 21:06:23.060  INFO 30542 --- [    Test worker] t.c.s.AnnotationConfigContextLoaderUtils : Could not detect default configuration classes for test class [com.jojoldu.book.springboot.web.PostApiControllerTest]: PostApiControllerTest does not declare any static, non-private, non-final, nested classes annotated with @Configuration.
2020-04-16 21:06:23.076  INFO 30542 --- [    Test worker] .b.t.c.SpringBootTestContextBootstrapper : Found @SpringBootConfiguration com.jojoldu.book.springboot.Application for test class com.jojoldu.book.springboot.web.PostApiControllerTest
2020-04-16 21:06:23.080  INFO 30542 --- [    Test worker] .b.t.c.SpringBootTestContextBootstrapper : Loaded default TestExecutionListener class names from location [META-INF/spring.factories]: [org.springframework.security.test.context.support.WithSecurityContextTestExecutionListener, org.springframework.security.test.context.support.ReactorContextTestExecutionListener, org.springframework.boot.test.autoconfigure.restdocs.RestDocsTestExecutionListener, org.springframework.boot.test.autoconfigure.web.client.MockRestServiceServerResetTestExecutionListener, org.springframework.boot.test.autoconfigure.web.servlet.MockMvcPrintOnlyOnFailureTestExecutionListener, org.springframework.boot.test.autoconfigure.web.servlet.WebDriverTestExecutionListener, org.springframework.boot.test.mock.mockito.MockitoTestExecutionListener, org.springframework.boot.test.mock.mockito.ResetMocksTestExecutionListener, org.springframework.test.context.web.ServletTestExecutionListener, org.springframework.test.context.support.DirtiesContextBeforeModesTestExecutionListener, org.springframework.test.context.support.DependencyInjectionTestExecutionListener, org.springframework.test.context.support.DirtiesContextTestExecutionListener, org.springframework.test.context.transaction.TransactionalTestExecutionListener, org.springframework.test.context.jdbc.SqlScriptsTestExecutionListener]
2020-04-16 21:06:23.085  INFO 30542 --- [    Test worker] .b.t.c.SpringBootTestContextBootstrapper : Using TestExecutionListeners: [org.springframework.test.context.web.ServletTestExecutionListener@5ef9314, org.springframework.test.context.support.DirtiesContextBeforeModesTestExecutionListener@532a508f, org.springframework.boot.test.mock.mockito.MockitoTestExecutionListener@7e963335, org.springframework.boot.test.autoconfigure.SpringBootDependencyInjectionTestExecutionListener@6d82fdcc, org.springframework.test.context.support.DirtiesContextTestExecutionListener@140cb45b, org.springframework.test.context.transaction.TransactionalTestExecutionListener@15a3207d, org.springframework.test.context.jdbc.SqlScriptsTestExecutionListener@5ae3a667, org.springframework.security.test.context.support.WithSecurityContextTestExecutionListener@20f54c6a, org.springframework.security.test.context.support.ReactorContextTestExecutionListener@51aa9a43, org.springframework.boot.test.autoconfigure.restdocs.RestDocsTestExecutionListener@5d86f8c3, org.springframework.boot.test.autoconfigure.web.client.MockRestServiceServerResetTestExecutionListener@1a91ad8a, org.springframework.boot.test.autoconfigure.web.servlet.MockMvcPrintOnlyOnFailureTestExecutionListener@100d24ae, org.springframework.boot.test.autoconfigure.web.servlet.WebDriverTestExecutionListener@1570dc6e, org.springframework.boot.test.mock.mockito.ResetMocksTestExecutionListener@7fda7ee3]

  .   ____          _            __ _ _
 /\\ / ___'_ __ _ _(_)_ __  __ _ \ \ \ \
( ( )\___ | '_ | '_| | '_ \/ _` | \ \ \ \
 \\/  ___)| |_)| | | | | || (_| |  ) ) ) )
  '  |____| .__|_| |_|_| |_\__, | / / / /
 =========|_|==============|___/=/_/_/_/
 :: Spring Boot ::        (v2.1.7.RELEASE)

2020-04-16 21:06:23.146  INFO 30542 --- [    Test worker] c.j.b.s.web.PostApiControllerTest        : Starting PostApiControllerTest on songhamin-ui-MacBookAir.local with PID 30542 (started by songhamin in /Users/songhamin/Downloads/naldal-springboot2-webservice-master)
2020-04-16 21:06:23.147  INFO 30542 --- [    Test worker] c.j.b.s.web.PostApiControllerTest        : No active profile set, falling back to default profiles: default
2020-04-16 21:06:23.766  INFO 30542 --- [    Test worker] .s.d.r.c.RepositoryConfigurationDelegate : Bootstrapping Spring Data repositories in DEFAULT mode.
2020-04-16 21:06:23.873  INFO 30542 --- [    Test worker] .s.d.r.c.RepositoryConfigurationDelegate : Finished Spring Data repository scanning in 94ms. Found 2 repository interfaces.
2020-04-16 21:06:24.423  INFO 30542 --- [    Test worker] trationDelegate$BeanPostProcessorChecker : Bean 'org.springframework.transaction.annotation.ProxyTransactionManagementConfiguration' of type [org.springframework.transaction.annotation.ProxyTransactionManagementConfiguration$$EnhancerBySpringCGLIB$$d260dfd] is not eligible for getting processed by all BeanPostProcessors (for example: not eligible for auto-proxying)
2020-04-16 21:06:25.167  INFO 30542 --- [    Test worker] o.s.b.w.embedded.tomcat.TomcatWebServer  : Tomcat initialized with port(s): 0 (http)
2020-04-16 21:06:25.211  INFO 30542 --- [    Test worker] o.apache.catalina.core.StandardService   : Starting service [Tomcat]
2020-04-16 21:06:25.212  INFO 30542 --- [    Test worker] org.apache.catalina.core.StandardEngine  : Starting Servlet engine: [Apache Tomcat/9.0.22]
2020-04-16 21:06:25.495  INFO 30542 --- [    Test worker] o.a.c.c.C.[Tomcat].[localhost].[/]       : Initializing Spring embedded WebApplicationContext
2020-04-16 21:06:25.497  INFO 30542 --- [    Test worker] o.s.web.context.ContextLoader            : Root WebApplicationContext: initialization completed in 2345 ms
2020-04-16 21:06:26.080  INFO 30542 --- [    Test worker] com.zaxxer.hikari.HikariDataSource       : HikariPool-1 - Starting...
2020-04-16 21:06:26.444  INFO 30542 --- [    Test worker] com.zaxxer.hikari.HikariDataSource       : HikariPool-1 - Start completed.
2020-04-16 21:06:26.663  INFO 30542 --- [    Test worker] o.hibernate.jpa.internal.util.LogHelper  : HHH000204: Processing PersistenceUnitInfo [
	name: default
	...]
2020-04-16 21:06:26.791  INFO 30542 --- [    Test worker] org.hibernate.Version                    : HHH000412: Hibernate Core {5.3.10.Final}
2020-04-16 21:06:26.794  INFO 30542 --- [    Test worker] org.hibernate.cfg.Environment            : HHH000206: hibernate.properties not found
2020-04-16 21:06:26.897  INFO 30542 --- [    Test worker] o.hibernate.annotations.common.Version   : HCANN000001: Hibernate Commons Annotations {5.0.4.Final}
2020-04-16 21:06:27.185  INFO 30542 --- [    Test worker] org.hibernate.dialect.Dialect            : HHH000400: Using dialect: org.hibernate.dialect.MySQL5Dialect
Hibernate: drop table if exists posts
Hibernate: drop table if exists user
Hibernate: create table posts (id bigint not null auto_increment, created_date datetime, modified_date datetime, author varchar(255), content TEXT not null, title varchar(500) not null, primary key (id)) engine=MyISAM
Hibernate: create table user (id bigint not null auto_increment, created_date datetime, modified_date datetime, email varchar(255) not null, name varchar(255) not null, picture varchar(255), role varchar(255) not null, primary key (id)) engine=MyISAM
2020-04-16 21:06:28.705  INFO 30542 --- [    Test worker] o.h.t.schema.internal.SchemaCreatorImpl  : HHH000476: Executing import script 'org.hibernate.tool.schema.internal.exec.ScriptSourceInputNonExistentImpl@48def5f9'
2020-04-16 21:06:28.709  INFO 30542 --- [    Test worker] j.LocalContainerEntityManagerFactoryBean : Initialized JPA EntityManagerFactory for persistence unit 'default'
2020-04-16 21:06:29.901  INFO 30542 --- [    Test worker] o.h.h.i.QueryTranslatorFactoryInitiator  : HHH000397: Using ASTQueryTranslatorFactory
2020-04-16 21:06:30.432  INFO 30542 --- [    Test worker] o.s.s.web.DefaultSecurityFilterChain     : Creating filter chain: any request, [org.springframework.security.web.context.request.async.WebAsyncManagerIntegrationFilter@60686519, org.springframework.security.web.context.SecurityContextPersistenceFilter@30ea3de8, org.springframework.security.web.header.HeaderWriterFilter@1f62c62c, org.springframework.security.web.authentication.logout.LogoutFilter@1a89beb0, org.springframework.security.oauth2.client.web.OAuth2AuthorizationRequestRedirectFilter@34581543, org.springframework.security.oauth2.client.web.OAuth2LoginAuthenticationFilter@236e2a2c, org.springframework.security.web.authentication.ui.DefaultLoginPageGeneratingFilter@7b6dd948, org.springframework.security.web.authentication.ui.DefaultLogoutPageGeneratingFilter@7b4a713, org.springframework.security.web.savedrequest.RequestCacheAwareFilter@1eb4750b, org.springframework.security.web.servletapi.SecurityContextHolderAwareRequestFilter@17ee8357, org.springframework.security.web.authentication.AnonymousAuthenticationFilter@5559c283, org.springframework.security.web.session.SessionManagementFilter@60919fd5, org.springframework.security.web.access.ExceptionTranslationFilter@3f822e50, org.springframework.security.web.access.intercept.FilterSecurityInterceptor@6d7d600c]
2020-04-16 21:06:30.821  INFO 30542 --- [    Test worker] o.s.s.concurrent.ThreadPoolTaskExecutor  : Initializing ExecutorService 'applicationTaskExecutor'
2020-04-16 21:06:30.861  WARN 30542 --- [    Test worker] aWebConfiguration$JpaWebMvcConfiguration : spring.jpa.open-in-view is enabled by default. Therefore, database queries may be performed during view rendering. Explicitly configure spring.jpa.open-in-view to disable this warning
2020-04-16 21:06:30.917  INFO 30542 --- [    Test worker] o.s.b.a.w.s.WelcomePageHandlerMapping    : Adding welcome page template: index
2020-04-16 21:06:31.481  INFO 30542 --- [    Test worker] s.a.ScheduledAnnotationBeanPostProcessor : No TaskScheduler/ScheduledExecutorService bean found for scheduled processing
2020-04-16 21:06:31.539  INFO 30542 --- [    Test worker] o.s.b.w.embedded.tomcat.TomcatWebServer  : Tomcat started on port(s): 62796 (http) with context path ''
2020-04-16 21:06:31.540  INFO 30542 --- [    Test worker] c.j.b.s.web.PostApiControllerTest        : Started PostApiControllerTest in 8.451 seconds (JVM running for 14.687)
2020-04-16 21:06:31.560  INFO 30542 --- [    Test worker] o.a.c.c.C.[Tomcat].[localhost].[/]       : Initializing Spring TestDispatcherServlet ''
2020-04-16 21:06:31.561  INFO 30542 --- [    Test worker] o.s.t.web.servlet.TestDispatcherServlet  : Initializing Servlet ''
2020-04-16 21:06:31.579  INFO 30542 --- [    Test worker] o.s.t.web.servlet.TestDispatcherServlet  : Completed initialization in 18 ms
Hibernate: insert into posts (created_date, modified_date, author, content, title) values (?, ?, ?, ?, ?)
2020-04-16 21:06:32.041  INFO 30542 --- [o-auto-1-exec-1] o.a.c.c.C.[Tomcat].[localhost].[/]       : Initializing Spring DispatcherServlet 'dispatcherServlet'
2020-04-16 21:06:32.041  INFO 30542 --- [o-auto-1-exec-1] o.s.web.servlet.DispatcherServlet        : Initializing Servlet 'dispatcherServlet'
2020-04-16 21:06:32.051  INFO 30542 --- [o-auto-1-exec-1] o.s.web.servlet.DispatcherServlet        : Completed initialization in 8 ms
Hibernate: select posts0_.id as id1_0_, posts0_.created_date as created_2_0_, posts0_.modified_date as modified3_0_, posts0_.author as author4_0_, posts0_.content as content5_0_, posts0_.title as title6_0_ from posts posts0_
Hibernate: select posts0_.id as id1_0_, posts0_.created_date as created_2_0_, posts0_.modified_date as modified3_0_, posts0_.author as author4_0_, posts0_.content as content5_0_, posts0_.title as title6_0_ from posts posts0_
Hibernate: delete from posts where id=?
2020-04-16 21:06:32.197  INFO 30542 --- [    Test worker] o.a.c.c.C.[Tomcat].[localhost].[/]       : Initializing Spring TestDispatcherServlet ''
2020-04-16 21:06:32.198  INFO 30542 --- [    Test worker] o.s.t.web.servlet.TestDispatcherServlet  : Initializing Servlet ''
2020-04-16 21:06:32.202  INFO 30542 --- [    Test worker] o.s.t.web.servlet.TestDispatcherServlet  : Completed initialization in 4 ms
Hibernate: insert into posts (created_date, modified_date, author, content, title) values (?, ?, ?, ?, ?)
Hibernate: select posts0_.id as id1_0_0_, posts0_.created_date as created_2_0_0_, posts0_.modified_date as modified3_0_0_, posts0_.author as author4_0_0_, posts0_.content as content5_0_0_, posts0_.title as title6_0_0_ from posts posts0_ where posts0_.id=?
Hibernate: update posts set created_date=?, modified_date=?, author=?, content=?, title=? where id=?
Hibernate: select posts0_.id as id1_0_, posts0_.created_date as created_2_0_, posts0_.modified_date as modified3_0_, posts0_.author as author4_0_, posts0_.content as content5_0_, posts0_.title as title6_0_ from posts posts0_
Hibernate: select posts0_.id as id1_0_, posts0_.created_date as created_2_0_, posts0_.modified_date as modified3_0_, posts0_.author as author4_0_, posts0_.content as content5_0_, posts0_.title as title6_0_ from posts posts0_
Hibernate: delete from posts where id=?
]]></system-out>
  <system-err><![CDATA[]]></system-err>
</testsuite>
