<?xml version="1.0" encoding="UTF-8"?>
<testsuite name="com.jojoldu.book.springboot.domain.post.PostRepositoryTest" tests="2" skipped="0" failures="0" errors="0" timestamp="2020-04-16T12:06:34" hostname="songhamin-ui-MacBookAir.local" time="0.057">
  <properties/>
  <testcase name="게시글저장_불러오기" classname="com.jojoldu.book.springboot.domain.post.PostRepositoryTest" time="0.036"/>
  <testcase name="BaseTimeEntity_등록" classname="com.jojoldu.book.springboot.domain.post.PostRepositoryTest" time="0.02"/>
  <system-out><![CDATA[2020-04-16 21:06:32.394  INFO 30542 --- [    Test worker] .b.t.c.SpringBootTestContextBootstrapper : Neither @ContextConfiguration nor @ContextHierarchy found for test class [com.jojoldu.book.springboot.domain.post.PostRepositoryTest], using SpringBootContextLoader
2020-04-16 21:06:32.395  INFO 30542 --- [    Test worker] o.s.t.c.support.AbstractContextLoader    : Could not detect default resource locations for test class [com.jojoldu.book.springboot.domain.post.PostRepositoryTest]: no resource found for suffixes {-context.xml, Context.groovy}.
2020-04-16 21:06:32.395  INFO 30542 --- [    Test worker] t.c.s.AnnotationConfigContextLoaderUtils : Could not detect default configuration classes for test class [com.jojoldu.book.springboot.domain.post.PostRepositoryTest]: PostRepositoryTest does not declare any static, non-private, non-final, nested classes annotated with @Configuration.
2020-04-16 21:06:32.407  INFO 30542 --- [    Test worker] .b.t.c.SpringBootTestContextBootstrapper : Found @SpringBootConfiguration com.jojoldu.book.springboot.Application for test class com.jojoldu.book.springboot.domain.post.PostRepositoryTest
2020-04-16 21:06:32.409  INFO 30542 --- [    Test worker] .b.t.c.SpringBootTestContextBootstrapper : Loaded default TestExecutionListener class names from location [META-INF/spring.factories]: [org.springframework.security.test.context.support.WithSecurityContextTestExecutionListener, org.springframework.security.test.context.support.ReactorContextTestExecutionListener, org.springframework.boot.test.autoconfigure.restdocs.RestDocsTestExecutionListener, org.springframework.boot.test.autoconfigure.web.client.MockRestServiceServerResetTestExecutionListener, org.springframework.boot.test.autoconfigure.web.servlet.MockMvcPrintOnlyOnFailureTestExecutionListener, org.springframework.boot.test.autoconfigure.web.servlet.WebDriverTestExecutionListener, org.springframework.boot.test.mock.mockito.MockitoTestExecutionListener, org.springframework.boot.test.mock.mockito.ResetMocksTestExecutionListener, org.springframework.test.context.web.ServletTestExecutionListener, org.springframework.test.context.support.DirtiesContextBeforeModesTestExecutionListener, org.springframework.test.context.support.DependencyInjectionTestExecutionListener, org.springframework.test.context.support.DirtiesContextTestExecutionListener, org.springframework.test.context.transaction.TransactionalTestExecutionListener, org.springframework.test.context.jdbc.SqlScriptsTestExecutionListener]
2020-04-16 21:06:32.410  INFO 30542 --- [    Test worker] .b.t.c.SpringBootTestContextBootstrapper : Using TestExecutionListeners: [org.springframework.test.context.web.ServletTestExecutionListener@c974265, org.springframework.test.context.support.DirtiesContextBeforeModesTestExecutionListener@5d30328b, org.springframework.boot.test.mock.mockito.MockitoTestExecutionListener@50244666, org.springframework.boot.test.autoconfigure.SpringBootDependencyInjectionTestExecutionListener@18adb026, org.springframework.test.context.support.DirtiesContextTestExecutionListener@2e1f5d3c, org.springframework.test.context.transaction.TransactionalTestExecutionListener@7267961e, org.springframework.test.context.jdbc.SqlScriptsTestExecutionListener@82e942, org.springframework.security.test.context.support.WithSecurityContextTestExecutionListener@75db45f4, org.springframework.security.test.context.support.ReactorContextTestExecutionListener@21f900ce, org.springframework.boot.test.autoconfigure.restdocs.RestDocsTestExecutionListener@6fe0a589, org.springframework.boot.test.autoconfigure.web.client.MockRestServiceServerResetTestExecutionListener@783f99ce, org.springframework.boot.test.autoconfigure.web.servlet.MockMvcPrintOnlyOnFailureTestExecutionListener@576487d8, org.springframework.boot.test.autoconfigure.web.servlet.WebDriverTestExecutionListener@3ef2128a, org.springframework.boot.test.mock.mockito.ResetMocksTestExecutionListener@54542430]

  .   ____          _            __ _ _
 /\\ / ___'_ __ _ _(_)_ __  __ _ \ \ \ \
( ( )\___ | '_ | '_| | '_ \/ _` | \ \ \ \
 \\/  ___)| |_)| | | | | || (_| |  ) ) ) )
  '  |____| .__|_| |_|_| |_\__, | / / / /
 =========|_|==============|___/=/_/_/_/
 :: Spring Boot ::        (v2.1.7.RELEASE)

2020-04-16 21:06:32.454  INFO 30542 --- [    Test worker] c.j.b.s.domain.post.PostRepositoryTest   : Starting PostRepositoryTest on songhamin-ui-MacBookAir.local with PID 30542 (started by songhamin in /Users/songhamin/Downloads/naldal-springboot2-webservice-master)
2020-04-16 21:06:32.455  INFO 30542 --- [    Test worker] c.j.b.s.domain.post.PostRepositoryTest   : No active profile set, falling back to default profiles: default
2020-04-16 21:06:32.807  INFO 30542 --- [    Test worker] .s.d.r.c.RepositoryConfigurationDelegate : Bootstrapping Spring Data repositories in DEFAULT mode.
2020-04-16 21:06:32.833  INFO 30542 --- [    Test worker] .s.d.r.c.RepositoryConfigurationDelegate : Finished Spring Data repository scanning in 26ms. Found 2 repository interfaces.
2020-04-16 21:06:33.069  INFO 30542 --- [    Test worker] trationDelegate$BeanPostProcessorChecker : Bean 'org.springframework.transaction.annotation.ProxyTransactionManagementConfiguration' of type [org.springframework.transaction.annotation.ProxyTransactionManagementConfiguration$$EnhancerBySpringCGLIB$$d260dfd] is not eligible for getting processed by all BeanPostProcessors (for example: not eligible for auto-proxying)
2020-04-16 21:06:33.214  INFO 30542 --- [    Test worker] com.zaxxer.hikari.HikariDataSource       : HikariPool-2 - Starting...
2020-04-16 21:06:33.215  INFO 30542 --- [    Test worker] com.zaxxer.hikari.HikariDataSource       : HikariPool-2 - Start completed.
2020-04-16 21:06:33.259  INFO 30542 --- [    Test worker] o.hibernate.jpa.internal.util.LogHelper  : HHH000204: Processing PersistenceUnitInfo [
	name: default
	...]
2020-04-16 21:06:33.270  INFO 30542 --- [    Test worker] org.hibernate.dialect.Dialect            : HHH000400: Using dialect: org.hibernate.dialect.MySQL5Dialect
Hibernate: drop table if exists posts
Hibernate: drop table if exists user
Hibernate: create table posts (id bigint not null auto_increment, created_date datetime, modified_date datetime, author varchar(255), content TEXT not null, title varchar(500) not null, primary key (id)) engine=MyISAM
Hibernate: create table user (id bigint not null auto_increment, created_date datetime, modified_date datetime, email varchar(255) not null, name varchar(255) not null, picture varchar(255), role varchar(255) not null, primary key (id)) engine=MyISAM
2020-04-16 21:06:33.403  INFO 30542 --- [    Test worker] o.h.t.schema.internal.SchemaCreatorImpl  : HHH000476: Executing import script 'org.hibernate.tool.schema.internal.exec.ScriptSourceInputNonExistentImpl@48def5f9'
2020-04-16 21:06:33.404  INFO 30542 --- [    Test worker] j.LocalContainerEntityManagerFactoryBean : Initialized JPA EntityManagerFactory for persistence unit 'default'
2020-04-16 21:06:33.720  INFO 30542 --- [    Test worker] o.h.h.i.QueryTranslatorFactoryInitiator  : HHH000397: Using ASTQueryTranslatorFactory
2020-04-16 21:06:33.940  INFO 30542 --- [    Test worker] o.s.s.web.DefaultSecurityFilterChain     : Creating filter chain: any request, [org.springframework.security.web.context.request.async.WebAsyncManagerIntegrationFilter@75eadc56, org.springframework.security.web.context.SecurityContextPersistenceFilter@60234352, org.springframework.security.web.header.HeaderWriterFilter@241c828e, org.springframework.security.web.authentication.logout.LogoutFilter@6d6775db, org.springframework.security.oauth2.client.web.OAuth2AuthorizationRequestRedirectFilter@35d4c666, org.springframework.security.oauth2.client.web.OAuth2LoginAuthenticationFilter@4a6e3b24, org.springframework.security.web.authentication.ui.DefaultLoginPageGeneratingFilter@17249dbe, org.springframework.security.web.authentication.ui.DefaultLogoutPageGeneratingFilter@193a5a5d, org.springframework.security.web.savedrequest.RequestCacheAwareFilter@3a9638cc, org.springframework.security.web.servletapi.SecurityContextHolderAwareRequestFilter@7aded5e2, org.springframework.security.web.authentication.AnonymousAuthenticationFilter@a4e58ea, org.springframework.security.web.session.SessionManagementFilter@46d57847, org.springframework.security.web.access.ExceptionTranslationFilter@22b0882, org.springframework.security.web.access.intercept.FilterSecurityInterceptor@91ca402]
2020-04-16 21:06:34.360  INFO 30542 --- [    Test worker] o.s.s.concurrent.ThreadPoolTaskExecutor  : Initializing ExecutorService 'applicationTaskExecutor'
2020-04-16 21:06:34.397  WARN 30542 --- [    Test worker] aWebConfiguration$JpaWebMvcConfiguration : spring.jpa.open-in-view is enabled by default. Therefore, database queries may be performed during view rendering. Explicitly configure spring.jpa.open-in-view to disable this warning
2020-04-16 21:06:34.444  INFO 30542 --- [    Test worker] o.s.b.a.w.s.WelcomePageHandlerMapping    : Adding welcome page template: index
2020-04-16 21:06:34.959  INFO 30542 --- [    Test worker] s.a.ScheduledAnnotationBeanPostProcessor : No TaskScheduler/ScheduledExecutorService bean found for scheduled processing
2020-04-16 21:06:34.963  INFO 30542 --- [    Test worker] c.j.b.s.domain.post.PostRepositoryTest   : Started PostRepositoryTest in 2.55 seconds (JVM running for 18.109)
Hibernate: insert into posts (created_date, modified_date, author, content, title) values (?, ?, ?, ?, ?)
Hibernate: select posts0_.id as id1_0_, posts0_.created_date as created_2_0_, posts0_.modified_date as modified3_0_, posts0_.author as author4_0_, posts0_.content as content5_0_, posts0_.title as title6_0_ from posts posts0_
Hibernate: select posts0_.id as id1_0_, posts0_.created_date as created_2_0_, posts0_.modified_date as modified3_0_, posts0_.author as author4_0_, posts0_.content as content5_0_, posts0_.title as title6_0_ from posts posts0_
Hibernate: delete from posts where id=?
Hibernate: insert into posts (created_date, modified_date, author, content, title) values (?, ?, ?, ?, ?)
Hibernate: select posts0_.id as id1_0_, posts0_.created_date as created_2_0_, posts0_.modified_date as modified3_0_, posts0_.author as author4_0_, posts0_.content as content5_0_, posts0_.title as title6_0_ from posts posts0_
>>>>>>>>>>> createdDate=2020-04-16T21:06:35.010, modifiedDate=2020-04-16T21:06:35.010
Hibernate: select posts0_.id as id1_0_, posts0_.created_date as created_2_0_, posts0_.modified_date as modified3_0_, posts0_.author as author4_0_, posts0_.content as content5_0_, posts0_.title as title6_0_ from posts posts0_
Hibernate: delete from posts where id=?
]]></system-out>
  <system-err><![CDATA[]]></system-err>
</testsuite>
